2013/11/25 11:30:30 [error] [exception.CHttpException.404] exception 'CHttpException' with message 'The system is unable to find the requested action "imageList".' in D:\www\yii\framework\web\CController.php:483
Stack trace:
#0 D:\www\yii\framework\web\CController.php(270): CController->missingAction('imageList')
#1 D:\www\yii\framework\web\CWebApplication.php(282): CController->run('imageList')
#2 D:\www\yii\framework\web\CWebApplication.php(141): CWebApplication->runController('templeDetail/im...')
#3 D:\www\yii\framework\base\CApplication.php(180): CWebApplication->processRequest()
#4 D:\www\eimbunphuket\index.php(13): CApplication->run()
#5 {main}
REQUEST_URI=/eimbunphuket/index.php?r=templeDetail/imageList&attr=content
HTTP_REFERER=http://localhost/eimbunphuket/index.php?r=templeDetail/create
---
2013/11/25 11:30:32 [error] [exception.CHttpException.404] exception 'CHttpException' with message 'The system is unable to find the requested action "imageUpload".' in D:\www\yii\framework\web\CController.php:483
Stack trace:
#0 D:\www\yii\framework\web\CController.php(270): CController->missingAction('imageUpload')
#1 D:\www\yii\framework\web\CWebApplication.php(282): CController->run('imageUpload')
#2 D:\www\yii\framework\web\CWebApplication.php(141): CWebApplication->runController('templeDetail/im...')
#3 D:\www\yii\framework\base\CApplication.php(180): CWebApplication->processRequest()
#4 D:\www\eimbunphuket\index.php(13): CApplication->run()
#5 {main}
REQUEST_URI=/eimbunphuket/index.php?r=templeDetail/imageUpload&attr=content
HTTP_REFERER=http://localhost/eimbunphuket/index.php?r=templeDetail/create
---
2013/11/25 11:31:34 [error] [exception.CHttpException.404] exception 'CHttpException' with message 'The system is unable to find the requested action "imageList".' in D:\www\yii\framework\web\CController.php:483
Stack trace:
#0 D:\www\yii\framework\web\CController.php(270): CController->missingAction('imageList')
#1 D:\www\yii\framework\web\CWebApplication.php(282): CController->run('imageList')
#2 D:\www\yii\framework\web\CWebApplication.php(141): CWebApplication->runController('templeDetail/im...')
#3 D:\www\yii\framework\base\CApplication.php(180): CWebApplication->processRequest()
#4 D:\www\eimbunphuket\index.php(13): CApplication->run()
#5 {main}
REQUEST_URI=/eimbunphuket/index.php?r=templeDetail/imageList&attr=content
HTTP_REFERER=http://localhost/eimbunphuket/index.php?r=templeDetail/create
---
2013/11/25 11:31:37 [error] [exception.CHttpException.404] exception 'CHttpException' with message 'The system is unable to find the requested action "imageUpload".' in D:\www\yii\framework\web\CController.php:483
Stack trace:
#0 D:\www\yii\framework\web\CController.php(270): CController->missingAction('imageUpload')
#1 D:\www\yii\framework\web\CWebApplication.php(282): CController->run('imageUpload')
#2 D:\www\yii\framework\web\CWebApplication.php(141): CWebApplication->runController('templeDetail/im...')
#3 D:\www\yii\framework\base\CApplication.php(180): CWebApplication->processRequest()
#4 D:\www\eimbunphuket\index.php(13): CApplication->run()
#5 {main}
REQUEST_URI=/eimbunphuket/index.php?r=templeDetail/imageUpload&attr=content
HTTP_REFERER=http://localhost/eimbunphuket/index.php?r=templeDetail/create
---
2013/11/25 11:38:39 [error] [exception.CHttpException.500] exception 'CHttpException' with message 'Could not upload file' in D:\www\eimbunphuket\protected\extensions\xupload\actions\XUploadAction.php:281
Stack trace:
#0 D:\www\eimbunphuket\protected\extensions\xupload\actions\XUploadAction.php(191): XUploadAction->handleUploading()
#1 D:\www\yii\framework\web\actions\CAction.php(76): XUploadAction->run()
#2 D:\www\yii\framework\web\CController.php(308): CAction->runWithParams(Array)
#3 D:\www\yii\framework\web\filters\CFilterChain.php(133): CController->runAction(Object(XUploadAction))
#4 D:\www\yii\framework\web\filters\CFilter.php(40): CFilterChain->run()
#5 D:\www\yii\framework\web\CController.php(1145): CFilter->filter(Object(CFilterChain))
#6 D:\www\yii\framework\web\filters\CInlineFilter.php(58): CController->filterAccessControl(Object(CFilterChain))
#7 D:\www\yii\framework\web\filters\CFilterChain.php(130): CInlineFilter->filter(Object(CFilterChain))
#8 D:\www\yii\framework\web\CController.php(291): CFilterChain->run()
#9 D:\www\yii\framework\web\CController.php(265): CController->runActionWithFilters(Object(XUploadAction), Array)
#10 D:\www\yii\framework\web\CWebApplication.php(282): CController->run('upload')
#11 D:\www\yii\framework\web\CWebApplication.php(141): CWebApplication->runController('templeDetail/up...')
#12 D:\www\yii\framework\base\CApplication.php(180): CWebApplication->processRequest()
#13 D:\www\eimbunphuket\index.php(13): CApplication->run()
#14 {main}
REQUEST_URI=/eimbunphuket/index.php?r=templeDetail/upload
HTTP_REFERER=http://localhost/eimbunphuket/index.php?r=templeDetail/index
---
2013/11/25 11:40:35 [error] [exception.CHttpException.500] exception 'CHttpException' with message 'Could not upload file' in D:\www\eimbunphuket\protected\extensions\xupload\actions\XUploadAction.php:281
Stack trace:
#0 D:\www\eimbunphuket\protected\extensions\xupload\actions\XUploadAction.php(191): XUploadAction->handleUploading()
#1 D:\www\yii\framework\web\actions\CAction.php(76): XUploadAction->run()
#2 D:\www\yii\framework\web\CController.php(308): CAction->runWithParams(Array)
#3 D:\www\yii\framework\web\filters\CFilterChain.php(133): CController->runAction(Object(XUploadAction))
#4 D:\www\yii\framework\web\filters\CFilter.php(40): CFilterChain->run()
#5 D:\www\yii\framework\web\CController.php(1145): CFilter->filter(Object(CFilterChain))
#6 D:\www\yii\framework\web\filters\CInlineFilter.php(58): CController->filterAccessControl(Object(CFilterChain))
#7 D:\www\yii\framework\web\filters\CFilterChain.php(130): CInlineFilter->filter(Object(CFilterChain))
#8 D:\www\yii\framework\web\CController.php(291): CFilterChain->run()
#9 D:\www\yii\framework\web\CController.php(265): CController->runActionWithFilters(Object(XUploadAction), Array)
#10 D:\www\yii\framework\web\CWebApplication.php(282): CController->run('upload')
#11 D:\www\yii\framework\web\CWebApplication.php(141): CWebApplication->runController('templeDetail/up...')
#12 D:\www\yii\framework\base\CApplication.php(180): CWebApplication->processRequest()
#13 D:\www\eimbunphuket\index.php(13): CApplication->run()
#14 {main}
REQUEST_URI=/eimbunphuket/index.php?r=templeDetail/upload
HTTP_REFERER=http://localhost/eimbunphuket/index.php?r=templeDetail/index
---
2013/11/25 11:40:41 [error] [exception.CHttpException.500] exception 'CHttpException' with message 'Could not upload file' in D:\www\eimbunphuket\protected\extensions\xupload\actions\XUploadAction.php:281
Stack trace:
#0 D:\www\eimbunphuket\protected\extensions\xupload\actions\XUploadAction.php(191): XUploadAction->handleUploading()
#1 D:\www\yii\framework\web\actions\CAction.php(76): XUploadAction->run()
#2 D:\www\yii\framework\web\CController.php(308): CAction->runWithParams(Array)
#3 D:\www\yii\framework\web\filters\CFilterChain.php(133): CController->runAction(Object(XUploadAction))
#4 D:\www\yii\framework\web\filters\CFilter.php(40): CFilterChain->run()
#5 D:\www\yii\framework\web\CController.php(1145): CFilter->filter(Object(CFilterChain))
#6 D:\www\yii\framework\web\filters\CInlineFilter.php(58): CController->filterAccessControl(Object(CFilterChain))
#7 D:\www\yii\framework\web\filters\CFilterChain.php(130): CInlineFilter->filter(Object(CFilterChain))
#8 D:\www\yii\framework\web\CController.php(291): CFilterChain->run()
#9 D:\www\yii\framework\web\CController.php(265): CController->runActionWithFilters(Object(XUploadAction), Array)
#10 D:\www\yii\framework\web\CWebApplication.php(282): CController->run('upload')
#11 D:\www\yii\framework\web\CWebApplication.php(141): CWebApplication->runController('templeDetail/up...')
#12 D:\www\yii\framework\base\CApplication.php(180): CWebApplication->processRequest()
#13 D:\www\eimbunphuket\index.php(13): CApplication->run()
#14 {main}
REQUEST_URI=/eimbunphuket/index.php?r=templeDetail/upload
HTTP_REFERER=http://localhost/eimbunphuket/index.php?r=templeDetail/index
---
2013/11/25 11:41:28 [error] [exception.CHttpException.404] exception 'CHttpException' with message 'The system is unable to find the requested action "imageList".' in D:\www\yii\framework\web\CController.php:483
Stack trace:
#0 D:\www\yii\framework\web\CController.php(270): CController->missingAction('imageList')
#1 D:\www\yii\framework\web\CWebApplication.php(282): CController->run('imageList')
#2 D:\www\yii\framework\web\CWebApplication.php(141): CWebApplication->runController('templeDetail/im...')
#3 D:\www\yii\framework\base\CApplication.php(180): CWebApplication->processRequest()
#4 D:\www\eimbunphuket\index.php(13): CApplication->run()
#5 {main}
REQUEST_URI=/eimbunphuket/index.php?r=templeDetail/imageList&attr=content
HTTP_REFERER=http://localhost/eimbunphuket/index.php?r=templeDetail/create
---
2013/11/25 11:41:31 [error] [exception.CHttpException.404] exception 'CHttpException' with message 'The system is unable to find the requested action "imageUpload".' in D:\www\yii\framework\web\CController.php:483
Stack trace:
#0 D:\www\yii\framework\web\CController.php(270): CController->missingAction('imageUpload')
#1 D:\www\yii\framework\web\CWebApplication.php(282): CController->run('imageUpload')
#2 D:\www\yii\framework\web\CWebApplication.php(141): CWebApplication->runController('templeDetail/im...')
#3 D:\www\yii\framework\base\CApplication.php(180): CWebApplication->processRequest()
#4 D:\www\eimbunphuket\index.php(13): CApplication->run()
#5 {main}
REQUEST_URI=/eimbunphuket/index.php?r=templeDetail/imageUpload&attr=content
HTTP_REFERER=http://localhost/eimbunphuket/index.php?r=templeDetail/create
---
2013/11/25 11:49:15 [error] [php] opendir(D:\www\eimbunphuket\uploads\templedetail\content,D:\www\eimbunphuket\uploads\templedetail\content): The system cannot find the path specified. (code: 3) (D:\www\yii\framework\utils\CFileHelper.php:182)
Stack trace:
#0 D:\www\eimbunphuket\protected\extensions\redactor\actions\ImageList.php(33): findFiles()
#1 unknown(0): ImageList->run()
#2 D:\www\yii\framework\web\actions\CAction.php(108): ReflectionMethod->invokeArgs()
#3 D:\www\yii\framework\web\actions\CAction.php(74): ImageList->runWithParamsInternal()
#4 D:\www\yii\framework\web\CController.php(308): ImageList->runWithParams()
#5 D:\www\yii\framework\web\filters\CFilterChain.php(133): TempleDetailController->runAction()
#6 D:\www\yii\framework\web\filters\CFilter.php(40): CFilterChain->run()
#7 D:\www\yii\framework\web\CController.php(1145): CAccessControlFilter->filter()
#8 D:\www\yii\framework\web\filters\CInlineFilter.php(58): TempleDetailController->filterAccessControl()
#9 D:\www\yii\framework\web\filters\CFilterChain.php(130): CInlineFilter->filter()
#10 D:\www\yii\framework\web\CController.php(291): CFilterChain->run()
#11 D:\www\yii\framework\web\CController.php(265): TempleDetailController->runActionWithFilters()
#12 D:\www\yii\framework\web\CWebApplication.php(282): TempleDetailController->run()
#13 D:\www\yii\framework\web\CWebApplication.php(141): CWebApplication->runController()
#14 D:\www\yii\framework\base\CApplication.php(180): CWebApplication->processRequest()
#15 D:\www\eimbunphuket\index.php(13): CWebApplication->run()
REQUEST_URI=/eimbunphuket/index.php?r=templeDetail/imageList&attr=content
in D:\www\eimbunphuket\protected\extensions\redactor\actions\ImageList.php (33)
in D:\www\eimbunphuket\index.php (13)
2013/11/25 11:53:16 [error] [php] opendir(/eimbunphuket/gallerys\templedetail\content,/eimbunphuket/gallerys\templedetail\content): The system cannot find the path specified. (code: 3) (D:\www\yii\framework\utils\CFileHelper.php:182)
Stack trace:
#0 D:\www\eimbunphuket\protected\extensions\redactor\actions\ImageList.php(33): findFiles()
#1 unknown(0): ImageList->run()
#2 D:\www\yii\framework\web\actions\CAction.php(108): ReflectionMethod->invokeArgs()
#3 D:\www\yii\framework\web\actions\CAction.php(74): ImageList->runWithParamsInternal()
#4 D:\www\yii\framework\web\CController.php(308): ImageList->runWithParams()
#5 D:\www\yii\framework\web\filters\CFilterChain.php(133): TempleDetailController->runAction()
#6 D:\www\yii\framework\web\filters\CFilter.php(40): CFilterChain->run()
#7 D:\www\yii\framework\web\CController.php(1145): CAccessControlFilter->filter()
#8 D:\www\yii\framework\web\filters\CInlineFilter.php(58): TempleDetailController->filterAccessControl()
#9 D:\www\yii\framework\web\filters\CFilterChain.php(130): CInlineFilter->filter()
#10 D:\www\yii\framework\web\CController.php(291): CFilterChain->run()
#11 D:\www\yii\framework\web\CController.php(265): TempleDetailController->runActionWithFilters()
#12 D:\www\yii\framework\web\CWebApplication.php(282): TempleDetailController->run()
#13 D:\www\yii\framework\web\CWebApplication.php(141): CWebApplication->runController()
#14 D:\www\yii\framework\base\CApplication.php(180): CWebApplication->processRequest()
#15 D:\www\eimbunphuket\index.php(13): CWebApplication->run()
REQUEST_URI=/eimbunphuket/index.php?r=templeDetail/imageList&attr=content
in D:\www\eimbunphuket\protected\extensions\redactor\actions\ImageList.php (33)
in D:\www\eimbunphuket\index.php (13)
2013/11/25 11:54:20 [error] [php] opendir(/eimbunphuket/gallerys\templedetail\content,/eimbunphuket/gallerys\templedetail\content): The system cannot find the path specified. (code: 3) (D:\www\yii\framework\utils\CFileHelper.php:182)
Stack trace:
#0 D:\www\eimbunphuket\protected\extensions\redactor\actions\ImageList.php(33): findFiles()
#1 unknown(0): ImageList->run()
#2 D:\www\yii\framework\web\actions\CAction.php(108): ReflectionMethod->invokeArgs()
#3 D:\www\yii\framework\web\actions\CAction.php(74): ImageList->runWithParamsInternal()
#4 D:\www\yii\framework\web\CController.php(308): ImageList->runWithParams()
#5 D:\www\yii\framework\web\filters\CFilterChain.php(133): TempleDetailController->runAction()
#6 D:\www\yii\framework\web\filters\CFilter.php(40): CFilterChain->run()
#7 D:\www\yii\framework\web\CController.php(1145): CAccessControlFilter->filter()
#8 D:\www\yii\framework\web\filters\CInlineFilter.php(58): TempleDetailController->filterAccessControl()
#9 D:\www\yii\framework\web\filters\CFilterChain.php(130): CInlineFilter->filter()
#10 D:\www\yii\framework\web\CController.php(291): CFilterChain->run()
#11 D:\www\yii\framework\web\CController.php(265): TempleDetailController->runActionWithFilters()
#12 D:\www\yii\framework\web\CWebApplication.php(282): TempleDetailController->run()
#13 D:\www\yii\framework\web\CWebApplication.php(141): CWebApplication->runController()
#14 D:\www\yii\framework\base\CApplication.php(180): CWebApplication->processRequest()
#15 D:\www\eimbunphuket\index.php(13): CWebApplication->run()
REQUEST_URI=/eimbunphuket/index.php?r=templeDetail/imageList&attr=content
in D:\www\eimbunphuket\protected\extensions\redactor\actions\ImageList.php (33)
in D:\www\eimbunphuket\index.php (13)
2013/11/25 11:55:08 [error] [exception.CException] exception 'CException' with message 'Property "ImageList.uploadCreate" is not defined.' in D:\www\yii\framework\base\CComponent.php:173
Stack trace:
#0 D:\www\yii\framework\YiiBase.php(220): CComponent->__set('uploadCreate', true)
#1 D:\www\yii\framework\web\CController.php(440): YiiBase::createComponent(Array, Object(TempleDetailController), 'imageList')
#2 D:\www\yii\framework\web\CController.php(417): CController->createActionFromMap(Array, 'imageList', 'imageList')
#3 D:\www\yii\framework\web\CController.php(259): CController->createAction('imageList')
#4 D:\www\yii\framework\web\CWebApplication.php(282): CController->run('imageList')
#5 D:\www\yii\framework\web\CWebApplication.php(141): CWebApplication->runController('templeDetail/im...')
#6 D:\www\yii\framework\base\CApplication.php(180): CWebApplication->processRequest()
#7 D:\www\eimbunphuket\index.php(13): CApplication->run()
#8 {main}
REQUEST_URI=/eimbunphuket/index.php?r=templeDetail/imageList&attr=content
HTTP_REFERER=http://localhost/eimbunphuket/index.php?r=templeDetail/create
---
2013/11/25 11:56:28 [error] [exception.CException] exception 'CException' with message 'Property "ImageList.uploadCreate" is not defined.' in D:\www\yii\framework\base\CComponent.php:173
Stack trace:
#0 D:\www\yii\framework\YiiBase.php(220): CComponent->__set('uploadCreate', true)
#1 D:\www\yii\framework\web\CController.php(440): YiiBase::createComponent(Array, Object(TempleDetailController), 'imageList')
#2 D:\www\yii\framework\web\CController.php(417): CController->createActionFromMap(Array, 'imageList', 'imageList')
#3 D:\www\yii\framework\web\CController.php(259): CController->createAction('imageList')
#4 D:\www\yii\framework\web\CWebApplication.php(282): CController->run('imageList')
#5 D:\www\yii\framework\web\CWebApplication.php(141): CWebApplication->runController('templeDetail/im...')
#6 D:\www\yii\framework\base\CApplication.php(180): CWebApplication->processRequest()
#7 D:\www\eimbunphuket\index.php(13): CApplication->run()
#8 {main}
REQUEST_URI=/eimbunphuket/index.php?r=templeDetail/imageList&attr=content
HTTP_REFERER=http://localhost/eimbunphuket/index.php?r=templeDetail/create
---
2013/11/25 11:58:51 [error] [exception.CException] exception 'CException' with message 'Property "ImageList.uploadCreate" is not defined.' in D:\www\yii\framework\base\CComponent.php:173
Stack trace:
#0 D:\www\yii\framework\YiiBase.php(220): CComponent->__set('uploadCreate', true)
#1 D:\www\yii\framework\web\CController.php(440): YiiBase::createComponent(Array, Object(TempleDetailController), 'imageList')
#2 D:\www\yii\framework\web\CController.php(417): CController->createActionFromMap(Array, 'imageList', 'imageList')
#3 D:\www\yii\framework\web\CController.php(259): CController->createAction('imageList')
#4 D:\www\yii\framework\web\CWebApplication.php(282): CController->run('imageList')
#5 D:\www\yii\framework\web\CWebApplication.php(141): CWebApplication->runController('templeDetail/im...')
#6 D:\www\yii\framework\base\CApplication.php(180): CWebApplication->processRequest()
#7 D:\www\eimbunphuket\index.php(13): CApplication->run()
#8 {main}
REQUEST_URI=/eimbunphuket/index.php?r=templeDetail/imageList&attr=content
HTTP_REFERER=http://localhost/eimbunphuket/index.php?r=templeDetail/create
---
2013/11/25 12:12:58 [error] [exception.CException] exception 'CException' with message 'Property "ImageList.uploadCreate" is not defined.' in D:\www\yii\framework\base\CComponent.php:173
Stack trace:
#0 D:\www\yii\framework\YiiBase.php(220): CComponent->__set('uploadCreate', true)
#1 D:\www\yii\framework\web\CController.php(440): YiiBase::createComponent(Array, Object(TempleDetailController), 'imageList')
#2 D:\www\yii\framework\web\CController.php(417): CController->createActionFromMap(Array, 'imageList', 'imageList')
#3 D:\www\yii\framework\web\CController.php(259): CController->createAction('imageList')
#4 D:\www\yii\framework\web\CWebApplication.php(282): CController->run('imageList')
#5 D:\www\yii\framework\web\CWebApplication.php(141): CWebApplication->runController('templeDetail/im...')
#6 D:\www\yii\framework\base\CApplication.php(180): CWebApplication->processRequest()
#7 D:\www\eimbunphuket\index.php(13): CApplication->run()
#8 {main}
REQUEST_URI=/eimbunphuket/index.php?r=templeDetail/imageList&attr=content
HTTP_REFERER=http://localhost/eimbunphuket/index.php?r=templeDetail/create
---
2013/11/25 12:32:17 [error] [php] opendir(D:\www\eimbunphuket\uploads\templedetail\content,D:\www\eimbunphuket\uploads\templedetail\content): The system cannot find the path specified. (code: 3) (D:\www\yii\framework\utils\CFileHelper.php:182)
Stack trace:
#0 D:\www\eimbunphuket\protected\extensions\redactor\actions\ImageList.php(33): findFiles()
#1 unknown(0): ImageList->run()
#2 D:\www\yii\framework\web\actions\CAction.php(108): ReflectionMethod->invokeArgs()
#3 D:\www\yii\framework\web\actions\CAction.php(74): ImageList->runWithParamsInternal()
#4 D:\www\yii\framework\web\CController.php(308): ImageList->runWithParams()
#5 D:\www\yii\framework\web\filters\CFilterChain.php(133): TempleDetailController->runAction()
#6 D:\www\yii\framework\web\filters\CFilter.php(40): CFilterChain->run()
#7 D:\www\yii\framework\web\CController.php(1145): CAccessControlFilter->filter()
#8 D:\www\yii\framework\web\filters\CInlineFilter.php(58): TempleDetailController->filterAccessControl()
#9 D:\www\yii\framework\web\filters\CFilterChain.php(130): CInlineFilter->filter()
#10 D:\www\yii\framework\web\CController.php(291): CFilterChain->run()
#11 D:\www\yii\framework\web\CController.php(265): TempleDetailController->runActionWithFilters()
#12 D:\www\yii\framework\web\CWebApplication.php(282): TempleDetailController->run()
#13 D:\www\yii\framework\web\CWebApplication.php(141): CWebApplication->runController()
#14 D:\www\yii\framework\base\CApplication.php(180): CWebApplication->processRequest()
#15 D:\www\eimbunphuket\index.php(13): CWebApplication->run()
REQUEST_URI=/eimbunphuket/index.php?r=templeDetail/imageList&attr=content
in D:\www\eimbunphuket\protected\extensions\redactor\actions\ImageList.php (33)
in D:\www\eimbunphuket\index.php (13)
2013/11/25 12:46:29 [error] [exception.CException] exception 'CException' with message 'Property "ImageList.uploadCreate" is not defined.' in D:\www\yii\framework\base\CComponent.php:173
Stack trace:
#0 D:\www\yii\framework\YiiBase.php(220): CComponent->__set('uploadCreate', true)
#1 D:\www\yii\framework\web\CController.php(440): YiiBase::createComponent(Array, Object(TempleDetailController), 'imageList')
#2 D:\www\yii\framework\web\CController.php(417): CController->createActionFromMap(Array, 'imageList', 'imageList')
#3 D:\www\yii\framework\web\CController.php(259): CController->createAction('imageList')
#4 D:\www\yii\framework\web\CWebApplication.php(282): CController->run('imageList')
#5 D:\www\yii\framework\web\CWebApplication.php(141): CWebApplication->runController('templeDetail/im...')
#6 D:\www\yii\framework\base\CApplication.php(180): CWebApplication->processRequest()
#7 D:\www\eimbunphuket\index.php(13): CApplication->run()
#8 {main}
REQUEST_URI=/eimbunphuket/index.php?r=templeDetail/imageList&attr=content
HTTP_REFERER=http://localhost/eimbunphuket/index.php?r=templeDetail/create
---
2013/11/25 12:48:39 [error] [exception.CException] exception 'CException' with message 'Property "ImageList.uploadCreate" is not defined.' in D:\www\yii\framework\base\CComponent.php:173
Stack trace:
#0 D:\www\yii\framework\YiiBase.php(220): CComponent->__set('uploadCreate', true)
#1 D:\www\yii\framework\web\CController.php(440): YiiBase::createComponent(Array, Object(TempleDetailController), 'imageList')
#2 D:\www\yii\framework\web\CController.php(417): CController->createActionFromMap(Array, 'imageList', 'imageList')
#3 D:\www\yii\framework\web\CController.php(259): CController->createAction('imageList')
#4 D:\www\yii\framework\web\CWebApplication.php(282): CController->run('imageList')
#5 D:\www\yii\framework\web\CWebApplication.php(141): CWebApplication->runController('templeDetail/im...')
#6 D:\www\yii\framework\base\CApplication.php(180): CWebApplication->processRequest()
#7 D:\www\eimbunphuket\index.php(13): CApplication->run()
#8 {main}
REQUEST_URI=/eimbunphuket/index.php?r=templeDetail/imageList&attr=content
HTTP_REFERER=http://localhost/eimbunphuket/index.php?r=templeDetail/create
---
2013/11/25 12:48:42 [error] [php] include(XUploadForm.php): failed to open stream: No such file or directory (D:\www\yii\framework\YiiBase.php:427)
Stack trace:
#0 D:\www\eimbunphuket\protected\controllers\TempleDetailController.php(98): spl_autoload_call()
#1 D:\www\yii\framework\web\actions\CInlineAction.php(49): TempleDetailController->actionImageUpload()
#2 D:\www\yii\framework\web\CController.php(308): CInlineAction->runWithParams()
#3 D:\www\yii\framework\web\filters\CFilterChain.php(133): TempleDetailController->runAction()
#4 D:\www\yii\framework\web\filters\CFilter.php(40): CFilterChain->run()
#5 D:\www\yii\framework\web\CController.php(1145): CAccessControlFilter->filter()
#6 D:\www\yii\framework\web\filters\CInlineFilter.php(58): TempleDetailController->filterAccessControl()
#7 D:\www\yii\framework\web\filters\CFilterChain.php(130): CInlineFilter->filter()
#8 D:\www\yii\framework\web\CController.php(291): CFilterChain->run()
#9 D:\www\yii\framework\web\CController.php(265): TempleDetailController->runActionWithFilters()
#10 D:\www\yii\framework\web\CWebApplication.php(282): TempleDetailController->run()
#11 D:\www\yii\framework\web\CWebApplication.php(141): CWebApplication->runController()
#12 D:\www\yii\framework\base\CApplication.php(180): CWebApplication->processRequest()
#13 D:\www\eimbunphuket\index.php(13): CWebApplication->run()
REQUEST_URI=/eimbunphuket/index.php?r=templeDetail/imageUpload&attr=content
in D:\www\eimbunphuket\protected\controllers\TempleDetailController.php (98)
in D:\www\eimbunphuket\index.php (13)
2013/11/25 12:48:58 [error] [php] include(XUploadForm.php): failed to open stream: No such file or directory (D:\www\yii\framework\YiiBase.php:427)
Stack trace:
#0 D:\www\eimbunphuket\protected\controllers\TempleDetailController.php(98): spl_autoload_call()
#1 D:\www\yii\framework\web\actions\CInlineAction.php(49): TempleDetailController->actionImageUpload()
#2 D:\www\yii\framework\web\CController.php(308): CInlineAction->runWithParams()
#3 D:\www\yii\framework\web\filters\CFilterChain.php(133): TempleDetailController->runAction()
#4 D:\www\yii\framework\web\filters\CFilter.php(40): CFilterChain->run()
#5 D:\www\yii\framework\web\CController.php(1145): CAccessControlFilter->filter()
#6 D:\www\yii\framework\web\filters\CInlineFilter.php(58): TempleDetailController->filterAccessControl()
#7 D:\www\yii\framework\web\filters\CFilterChain.php(130): CInlineFilter->filter()
#8 D:\www\yii\framework\web\CController.php(291): CFilterChain->run()
#9 D:\www\yii\framework\web\CController.php(265): TempleDetailController->runActionWithFilters()
#10 D:\www\yii\framework\web\CWebApplication.php(282): TempleDetailController->run()
#11 D:\www\yii\framework\web\CWebApplication.php(141): CWebApplication->runController()
#12 D:\www\yii\framework\base\CApplication.php(180): CWebApplication->processRequest()
#13 D:\www\eimbunphuket\index.php(13): CWebApplication->run()
REQUEST_URI=/eimbunphuket/index.php?r=templeDetail/imageUpload
in D:\www\eimbunphuket\protected\controllers\TempleDetailController.php (98)
in D:\www\eimbunphuket\index.php (13)
2013/11/25 12:49:16 [error] [php] include(XUploadForm.php): failed to open stream: No such file or directory (D:\www\yii\framework\YiiBase.php:427)
Stack trace:
#0 D:\www\eimbunphuket\protected\controllers\TempleDetailController.php(98): spl_autoload_call()
#1 D:\www\yii\framework\web\actions\CInlineAction.php(49): TempleDetailController->actionImageUpload()
#2 D:\www\yii\framework\web\CController.php(308): CInlineAction->runWithParams()
#3 D:\www\yii\framework\web\filters\CFilterChain.php(133): TempleDetailController->runAction()
#4 D:\www\yii\framework\web\filters\CFilter.php(40): CFilterChain->run()
#5 D:\www\yii\framework\web\CController.php(1145): CAccessControlFilter->filter()
#6 D:\www\yii\framework\web\filters\CInlineFilter.php(58): TempleDetailController->filterAccessControl()
#7 D:\www\yii\framework\web\filters\CFilterChain.php(130): CInlineFilter->filter()
#8 D:\www\yii\framework\web\CController.php(291): CFilterChain->run()
#9 D:\www\yii\framework\web\CController.php(265): TempleDetailController->runActionWithFilters()
#10 D:\www\yii\framework\web\CWebApplication.php(282): TempleDetailController->run()
#11 D:\www\yii\framework\web\CWebApplication.php(141): CWebApplication->runController()
#12 D:\www\yii\framework\base\CApplication.php(180): CWebApplication->processRequest()
#13 D:\www\eimbunphuket\index.php(13): CWebApplication->run()
REQUEST_URI=/eimbunphuket/index.php?r=templeDetail/imageUpload
in D:\www\eimbunphuket\protected\controllers\TempleDetailController.php (98)
in D:\www\eimbunphuket\index.php (13)
2013/11/25 12:49:19 [error] [php] include(XUploadForm.php): failed to open stream: No such file or directory (D:\www\yii\framework\YiiBase.php:427)
Stack trace:
#0 D:\www\eimbunphuket\protected\controllers\TempleDetailController.php(98): spl_autoload_call()
#1 D:\www\yii\framework\web\actions\CInlineAction.php(49): TempleDetailController->actionImageUpload()
#2 D:\www\yii\framework\web\CController.php(308): CInlineAction->runWithParams()
#3 D:\www\yii\framework\web\filters\CFilterChain.php(133): TempleDetailController->runAction()
#4 D:\www\yii\framework\web\filters\CFilter.php(40): CFilterChain->run()
#5 D:\www\yii\framework\web\CController.php(1145): CAccessControlFilter->filter()
#6 D:\www\yii\framework\web\filters\CInlineFilter.php(58): TempleDetailController->filterAccessControl()
#7 D:\www\yii\framework\web\filters\CFilterChain.php(130): CInlineFilter->filter()
#8 D:\www\yii\framework\web\CController.php(291): CFilterChain->run()
#9 D:\www\yii\framework\web\CController.php(265): TempleDetailController->runActionWithFilters()
#10 D:\www\yii\framework\web\CWebApplication.php(282): TempleDetailController->run()
#11 D:\www\yii\framework\web\CWebApplication.php(141): CWebApplication->runController()
#12 D:\www\yii\framework\base\CApplication.php(180): CWebApplication->processRequest()
#13 D:\www\eimbunphuket\index.php(13): CWebApplication->run()
REQUEST_URI=/eimbunphuket/index.php?r=templeDetail/imageUpload
in D:\www\eimbunphuket\protected\controllers\TempleDetailController.php (98)
in D:\www\eimbunphuket\index.php (13)
2013/11/25 12:49:36 [error] [exception.CHttpException.404] exception 'CHttpException' with message 'The system is unable to find the requested action "upload".' in D:\www\yii\framework\web\CController.php:483
Stack trace:
#0 D:\www\yii\framework\web\CController.php(270): CController->missingAction('upload')
#1 D:\www\yii\framework\web\CWebApplication.php(282): CController->run('upload')
#2 D:\www\yii\framework\web\CWebApplication.php(141): CWebApplication->runController('templeDetail/up...')
#3 D:\www\yii\framework\base\CApplication.php(180): CWebApplication->processRequest()
#4 D:\www\eimbunphuket\index.php(13): CApplication->run()
#5 {main}
REQUEST_URI=/eimbunphuket/index.php?r=templeDetail/upload&parent_id=1
HTTP_REFERER=http://localhost/eimbunphuket/index.php?r=templeDetail/imageUpload
---
2013/11/25 12:49:50 [error] [exception.CHttpException.404] exception 'CHttpException' with message 'The system is unable to find the requested action "upload".' in D:\www\yii\framework\web\CController.php:483
Stack trace:
#0 D:\www\yii\framework\web\CController.php(270): CController->missingAction('upload')
#1 D:\www\yii\framework\web\CWebApplication.php(282): CController->run('upload')
#2 D:\www\yii\framework\web\CWebApplication.php(141): CWebApplication->runController('templeDetail/up...')
#3 D:\www\yii\framework\base\CApplication.php(180): CWebApplication->processRequest()
#4 D:\www\eimbunphuket\index.php(13): CApplication->run()
#5 {main}
REQUEST_URI=/eimbunphuket/index.php?r=templeDetail/upload&parent_id=1
HTTP_REFERER=http://localhost/eimbunphuket/index.php?r=templeDetail/imageUpload
---
2013/11/25 12:50:26 [error] [exception.CHttpException.404] exception 'CHttpException' with message 'The system is unable to find the requested action "upload".' in D:\www\yii\framework\web\CController.php:483
Stack trace:
#0 D:\www\yii\framework\web\CController.php(270): CController->missingAction('upload')
#1 D:\www\yii\framework\web\CWebApplication.php(282): CController->run('upload')
#2 D:\www\yii\framework\web\CWebApplication.php(141): CWebApplication->runController('templeDetail/up...')
#3 D:\www\yii\framework\base\CApplication.php(180): CWebApplication->processRequest()
#4 D:\www\eimbunphuket\index.php(13): CApplication->run()
#5 {main}
REQUEST_URI=/eimbunphuket/index.php?r=templeDetail/upload&parent_id=1
HTTP_REFERER=http://localhost/eimbunphuket/index.php?r=templeDetail/imageUpload
---
2013/11/25 12:50:39 [error] [exception.CHttpException.404] exception 'CHttpException' with message 'The system is unable to find the requested action "upload".' in D:\www\yii\framework\web\CController.php:483
Stack trace:
#0 D:\www\yii\framework\web\CController.php(270): CController->missingAction('upload')
#1 D:\www\yii\framework\web\CWebApplication.php(282): CController->run('upload')
#2 D:\www\yii\framework\web\CWebApplication.php(141): CWebApplication->runController('templeDetail/up...')
#3 D:\www\yii\framework\base\CApplication.php(180): CWebApplication->processRequest()
#4 D:\www\eimbunphuket\index.php(13): CApplication->run()
#5 {main}
REQUEST_URI=/eimbunphuket/index.php?r=templeDetail/upload&parent_id=1
HTTP_REFERER=http://localhost/eimbunphuket/index.php?r=templeDetail/imageUpload
---
2013/11/25 12:51:22 [error] [exception.CHttpException.404] exception 'CHttpException' with message 'The system is unable to find the requested action "upload".' in D:\www\yii\framework\web\CController.php:483
Stack trace:
#0 D:\www\yii\framework\web\CController.php(270): CController->missingAction('upload')
#1 D:\www\yii\framework\web\CWebApplication.php(282): CController->run('upload')
#2 D:\www\yii\framework\web\CWebApplication.php(141): CWebApplication->runController('templeDetail/up...')
#3 D:\www\yii\framework\base\CApplication.php(180): CWebApplication->processRequest()
#4 D:\www\eimbunphuket\index.php(13): CApplication->run()
#5 {main}
REQUEST_URI=/eimbunphuket/index.php?r=templeDetail/upload&parent_id=1
HTTP_REFERER=http://localhost/eimbunphuket/index.php?r=templeDetail/imageUpload
---
2013/11/25 12:51:53 [error] [exception.CHttpException.404] exception 'CHttpException' with message 'The system is unable to find the requested action "upload".' in D:\www\yii\framework\web\CController.php:483
Stack trace:
#0 D:\www\yii\framework\web\CController.php(270): CController->missingAction('upload')
#1 D:\www\yii\framework\web\CWebApplication.php(282): CController->run('upload')
#2 D:\www\yii\framework\web\CWebApplication.php(141): CWebApplication->runController('templeDetail/up...')
#3 D:\www\yii\framework\base\CApplication.php(180): CWebApplication->processRequest()
#4 D:\www\eimbunphuket\index.php(13): CApplication->run()
#5 {main}
REQUEST_URI=/eimbunphuket/index.php?r=templeDetail/upload&parent_id=1
HTTP_REFERER=http://localhost/eimbunphuket/index.php?r=templeDetail/imageUpload
---
2013/11/25 14:05:24 [error] [exception.CException] exception 'CException' with message 'Property "ImageList.uploadCreate" is not defined.' in D:\www\yii\framework\base\CComponent.php:173
Stack trace:
#0 D:\www\yii\framework\YiiBase.php(220): CComponent->__set('uploadCreate', true)
#1 D:\www\yii\framework\web\CController.php(440): YiiBase::createComponent(Array, Object(TempleDetailController), 'imageList')
#2 D:\www\yii\framework\web\CController.php(417): CController->createActionFromMap(Array, 'imageList', 'imageList')
#3 D:\www\yii\framework\web\CController.php(259): CController->createAction('imageList')
#4 D:\www\yii\framework\web\CWebApplication.php(282): CController->run('imageList')
#5 D:\www\yii\framework\web\CWebApplication.php(141): CWebApplication->runController('templeDetail/im...')
#6 D:\www\yii\framework\base\CApplication.php(180): CWebApplication->processRequest()
#7 D:\www\eimbunphuket\index.php(13): CApplication->run()
#8 {main}
REQUEST_URI=/eimbunphuket/index.php?r=templeDetail/imageList&attr=content
HTTP_REFERER=http://localhost/eimbunphuket/index.php?r=templeDetail/create
---
2013/11/26 18:04:18 [error] [php] htmlspecialchars(): charset `utf8' not supported, assuming utf-8 (D:\www\yii\framework\web\helpers\CHtml.php:103)
Stack trace:
#0 D:\www\yii\framework\web\CBaseController.php(126): require()
#1 D:\www\yii\framework\web\CBaseController.php(95): SiteController->renderInternal()
#2 D:\www\yii\framework\web\CController.php(869): SiteController->renderFile()
#3 D:\www\yii\framework\web\CController.php(782): SiteController->renderPartial()
#4 D:\www\eimbunphuket\protected\controllers\SiteController.php(33): SiteController->render()
#5 D:\www\yii\framework\web\actions\CInlineAction.php(49): SiteController->actionIndex()
#6 D:\www\yii\framework\web\CController.php(308): CInlineAction->runWithParams()
#7 D:\www\yii\framework\web\filters\CFilterChain.php(133): SiteController->runAction()
#8 D:\www\yii\framework\web\filters\CFilter.php(40): CFilterChain->run()
#9 D:\www\yii\framework\web\CController.php(1145): CAccessControlFilter->filter()
#10 D:\www\yii\framework\web\filters\CInlineFilter.php(58): SiteController->filterAccessControl()
#11 D:\www\yii\framework\web\filters\CFilterChain.php(130): CInlineFilter->filter()
#12 D:\www\yii\framework\web\CController.php(291): CFilterChain->run()
#13 D:\www\yii\framework\web\CController.php(265): SiteController->runActionWithFilters()
#14 D:\www\yii\framework\web\CWebApplication.php(282): SiteController->run()
#15 D:\www\yii\framework\web\CWebApplication.php(141): CWebApplication->runController()
#16 D:\www\yii\framework\base\CApplication.php(180): CWebApplication->processRequest()
#17 D:\www\eimbunphuket\index.php(13): CWebApplication->run()
REQUEST_URI=/eimbunphuket/index.php?r=site/index
in D:\www\eimbunphuket\protected\views\site\index.php (3)
in D:\www\eimbunphuket\protected\controllers\SiteController.php (33)
in D:\www\eimbunphuket\index.php (13)
2013/11/27 22:52:31 [error] [exception.CDbException] exception 'CDbException' with message 'CDbConnection failed to open the DB connection: SQLSTATE[28000] [1045] Access denied for user 'root'@'localhost' (using password: YES)' in /home/u407317669/public_html/yii/framework/db/CDbConnection.php:382
Stack trace:
#0 /home/u407317669/public_html/yii/framework/db/CDbConnection.php(330): CDbConnection->open()
#1 /home/u407317669/public_html/yii/framework/db/CDbConnection.php(308): CDbConnection->setActive(true)
#2 /home/u407317669/public_html/yii/framework/base/CModule.php(387): CDbConnection->init()
#3 /home/u407317669/public_html/yii/framework/base/CApplication.php(450): CModule->getComponent('db')
#4 /home/u407317669/public_html/yii/framework/db/ar/CActiveRecord.php(634): CApplication->getDb()
#5 /home/u407317669/public_html/yii/framework/db/ar/CActiveRecord.php(1428): CActiveRecord->getDbConnection()
#6 /home/u407317669/public_html/yii/framework/db/ar/CActiveRecord.php(1484): CActiveRecord->getTableAlias(true)
#7 /home/u407317669/public_html/eimbunphuket/protected/components/EWebUser.php(17): CActiveRecord->findByPk(NULL)
#8 /home/u407317669/public_html/eimbunphuket/protected/components/EWebUser.php(7): EWebUser->loadUser()
#9 /home/u407317669/public_html/eimbunphuket/protected/controllers/SiteController.php(81): EWebUser->isAdmin()
#10 /home/u407317669/public_html/yii/framework/web/actions/CInlineAction.php(49): SiteController->actionLogin()
#11 /home/u407317669/public_html/yii/framework/web/CController.php(308): CInlineAction->runWithParams(Array)
#12 /home/u407317669/public_html/yii/framework/web/filters/CFilterChain.php(133): CController->runAction(Object(CInlineAction))
#13 /home/u407317669/public_html/yii/framework/web/filters/CFilter.php(40): CFilterChain->run()
#14 /home/u407317669/public_html/yii/framework/web/CController.php(1145): CFilter->filter(Object(CFilterChain))
#15 /home/u407317669/public_html/yii/framework/web/filters/CInlineFilter.php(58): CController->filterAccessControl(Object(CFilterChain))
#16 /home/u407317669/public_html/yii/framework/web/filters/CFilterChain.php(130): CInlineFilter->filter(Object(CFilterChain))
#17 /home/u407317669/public_html/yii/framework/web/CController.php(291): CFilterChain->run()
#18 /home/u407317669/public_html/yii/framework/web/CController.php(265): CController->runActionWithFilters(Object(CInlineAction), Array)
#19 /home/u407317669/public_html/yii/framework/web/CWebApplication.php(282): CController->run('')
#20 /home/u407317669/public_html/yii/framework/web/CWebApplication.php(141): CWebApplication->runController('')
#21 /home/u407317669/public_html/yii/framework/base/CApplication.php(180): CWebApplication->processRequest()
#22 /home/u407317669/public_html/eimbunphuket/index.php(13): CApplication->run()
#23 {main}
REQUEST_URI=/eimbunphuket/
---
2013/11/27 22:54:10 [error] [exception.CDbException] exception 'CDbException' with message 'CDbConnection failed to open the DB connection: SQLSTATE[28000] [1045] Access denied for user 'u407317669_root'@'localhost' (using password: YES)' in /home/u407317669/public_html/yii/framework/db/CDbConnection.php:382
Stack trace:
#0 /home/u407317669/public_html/yii/framework/db/CDbConnection.php(330): CDbConnection->open()
#1 /home/u407317669/public_html/yii/framework/db/CDbConnection.php(308): CDbConnection->setActive(true)
#2 /home/u407317669/public_html/yii/framework/base/CModule.php(387): CDbConnection->init()
#3 /home/u407317669/public_html/yii/framework/base/CApplication.php(450): CModule->getComponent('db')
#4 /home/u407317669/public_html/yii/framework/db/ar/CActiveRecord.php(634): CApplication->getDb()
#5 /home/u407317669/public_html/yii/framework/db/ar/CActiveRecord.php(1428): CActiveRecord->getDbConnection()
#6 /home/u407317669/public_html/yii/framework/db/ar/CActiveRecord.php(1484): CActiveRecord->getTableAlias(true)
#7 /home/u407317669/public_html/eimbunphuket/protected/components/EWebUser.php(17): CActiveRecord->findByPk(NULL)
#8 /home/u407317669/public_html/eimbunphuket/protected/components/EWebUser.php(7): EWebUser->loadUser()
#9 /home/u407317669/public_html/eimbunphuket/protected/controllers/SiteController.php(81): EWebUser->isAdmin()
#10 /home/u407317669/public_html/yii/framework/web/actions/CInlineAction.php(49): SiteController->actionLogin()
#11 /home/u407317669/public_html/yii/framework/web/CController.php(308): CInlineAction->runWithParams(Array)
#12 /home/u407317669/public_html/yii/framework/web/filters/CFilterChain.php(133): CController->runAction(Object(CInlineAction))
#13 /home/u407317669/public_html/yii/framework/web/filters/CFilter.php(40): CFilterChain->run()
#14 /home/u407317669/public_html/yii/framework/web/CController.php(1145): CFilter->filter(Object(CFilterChain))
#15 /home/u407317669/public_html/yii/framework/web/filters/CInlineFilter.php(58): CController->filterAccessControl(Object(CFilterChain))
#16 /home/u407317669/public_html/yii/framework/web/filters/CFilterChain.php(130): CInlineFilter->filter(Object(CFilterChain))
#17 /home/u407317669/public_html/yii/framework/web/CController.php(291): CFilterChain->run()
#18 /home/u407317669/public_html/yii/framework/web/CController.php(265): CController->runActionWithFilters(Object(CInlineAction), Array)
#19 /home/u407317669/public_html/yii/framework/web/CWebApplication.php(282): CController->run('')
#20 /home/u407317669/public_html/yii/framework/web/CWebApplication.php(141): CWebApplication->runController('')
#21 /home/u407317669/public_html/yii/framework/base/CApplication.php(180): CWebApplication->processRequest()
#22 /home/u407317669/public_html/eimbunphuket/index.php(13): CApplication->run()
#23 {main}
REQUEST_URI=/eimbunphuket/
---
2013/11/27 23:16:50 [error] [exception.CDbException] exception 'CDbException' with message 'CDbConnection failed to open the DB connection: SQLSTATE[28000] [1045] Access denied for user 'u407317669_root'@'localhost' (using password: YES)' in /home/u407317669/public_html/yii/framework/db/CDbConnection.php:382
Stack trace:
#0 /home/u407317669/public_html/yii/framework/db/CDbConnection.php(330): CDbConnection->open()
#1 /home/u407317669/public_html/yii/framework/db/CDbConnection.php(308): CDbConnection->setActive(true)
#2 /home/u407317669/public_html/yii/framework/base/CModule.php(387): CDbConnection->init()
#3 /home/u407317669/public_html/yii/framework/base/CApplication.php(450): CModule->getComponent('db')
#4 /home/u407317669/public_html/yii/framework/db/ar/CActiveRecord.php(634): CApplication->getDb()
#5 /home/u407317669/public_html/yii/framework/db/ar/CActiveRecord.php(1428): CActiveRecord->getDbConnection()
#6 /home/u407317669/public_html/yii/framework/db/ar/CActiveRecord.php(1484): CActiveRecord->getTableAlias(true)
#7 /home/u407317669/public_html/eimbunphuket/protected/components/EWebUser.php(17): CActiveRecord->findByPk(NULL)
#8 /home/u407317669/public_html/eimbunphuket/protected/components/EWebUser.php(7): EWebUser->loadUser()
#9 /home/u407317669/public_html/eimbunphuket/protected/controllers/SiteController.php(81): EWebUser->isAdmin()
#10 /home/u407317669/public_html/yii/framework/web/actions/CInlineAction.php(49): SiteController->actionLogin()
#11 /home/u407317669/public_html/yii/framework/web/CController.php(308): CInlineAction->runWithParams(Array)
#12 /home/u407317669/public_html/yii/framework/web/filters/CFilterChain.php(133): CController->runAction(Object(CInlineAction))
#13 /home/u407317669/public_html/yii/framework/web/filters/CFilter.php(40): CFilterChain->run()
#14 /home/u407317669/public_html/yii/framework/web/CController.php(1145): CFilter->filter(Object(CFilterChain))
#15 /home/u407317669/public_html/yii/framework/web/filters/CInlineFilter.php(58): CController->filterAccessControl(Object(CFilterChain))
#16 /home/u407317669/public_html/yii/framework/web/filters/CFilterChain.php(130): CInlineFilter->filter(Object(CFilterChain))
#17 /home/u407317669/public_html/yii/framework/web/CController.php(291): CFilterChain->run()
#18 /home/u407317669/public_html/yii/framework/web/CController.php(265): CController->runActionWithFilters(Object(CInlineAction), Array)
#19 /home/u407317669/public_html/yii/framework/web/CWebApplication.php(282): CController->run('')
#20 /home/u407317669/public_html/yii/framework/web/CWebApplication.php(141): CWebApplication->runController('')
#21 /home/u407317669/public_html/yii/framework/base/CApplication.php(180): CWebApplication->processRequest()
#22 /home/u407317669/public_html/eimbunphuket/index.php(13): CApplication->run()
#23 {main}
REQUEST_URI=/eimbunphuket/
---
2013/11/28 16:13:24 [error] [exception.CHttpException.404] exception 'CHttpException' with message 'The system is unable to find the requested action "allUser".' in /home/u407317669/public_html/yii/framework/web/CController.php:483
Stack trace:
#0 /home/u407317669/public_html/yii/framework/web/CController.php(270): CController->missingAction('allUser')
#1 /home/u407317669/public_html/yii/framework/web/CWebApplication.php(282): CController->run('allUser')
#2 /home/u407317669/public_html/yii/framework/web/CWebApplication.php(141): CWebApplication->runController('user/allUser')
#3 /home/u407317669/public_html/yii/framework/base/CApplication.php(180): CWebApplication->processRequest()
#4 /home/u407317669/public_html/demo/index.php(13): CApplication->run()
#5 {main}
REQUEST_URI=/demo/index.php?r=user/allUser
---
2013/11/28 16:13:37 [error] [exception.CHttpException.404] exception 'CHttpException' with message 'The system is unable to find the requested action "AllUser".' in /home/u407317669/public_html/yii/framework/web/CController.php:483
Stack trace:
#0 /home/u407317669/public_html/yii/framework/web/CController.php(270): CController->missingAction('AllUser')
#1 /home/u407317669/public_html/yii/framework/web/CWebApplication.php(282): CController->run('AllUser')
#2 /home/u407317669/public_html/yii/framework/web/CWebApplication.php(141): CWebApplication->runController('user/AllUser')
#3 /home/u407317669/public_html/yii/framework/base/CApplication.php(180): CWebApplication->processRequest()
#4 /home/u407317669/public_html/demo/index.php(13): CApplication->run()
#5 {main}
REQUEST_URI=/demo/index.php?r=user/AllUser
---
2013/11/28 16:17:16 [error] [exception.CHttpException.404] exception 'CHttpException' with message 'The system is unable to find the requested action "viewuser".' in /home/u407317669/public_html/yii/framework/web/CController.php:483
Stack trace:
#0 /home/u407317669/public_html/yii/framework/web/CController.php(270): CController->missingAction('viewuser')
#1 /home/u407317669/public_html/yii/framework/web/CWebApplication.php(282): CController->run('viewuser')
#2 /home/u407317669/public_html/yii/framework/web/CWebApplication.php(141): CWebApplication->runController('user/viewuser')
#3 /home/u407317669/public_html/yii/framework/base/CApplication.php(180): CWebApplication->processRequest()
#4 /home/u407317669/public_html/demo/index.php(13): CApplication->run()
#5 {main}
REQUEST_URI=/demo/index.php?r=user/viewuser
---
2013/11/28 16:17:42 [error] [exception.CHttpException.400] exception 'CHttpException' with message 'Your request is invalid.' in /home/u407317669/public_html/yii/framework/web/CController.php:336
Stack trace:
#0 /home/u407317669/public_html/yii/framework/web/CController.php(309): CController->invalidActionParams(Object(CInlineAction))
#1 /home/u407317669/public_html/yii/framework/web/filters/CFilterChain.php(133): CController->runAction(Object(CInlineAction))
#2 /home/u407317669/public_html/yii/framework/web/filters/CFilter.php(40): CFilterChain->run()
#3 /home/u407317669/public_html/yii/framework/web/CController.php(1145): CFilter->filter(Object(CFilterChain))
#4 /home/u407317669/public_html/yii/framework/web/filters/CInlineFilter.php(58): CController->filterAccessControl(Object(CFilterChain))
#5 /home/u407317669/public_html/yii/framework/web/filters/CFilterChain.php(130): CInlineFilter->filter(Object(CFilterChain))
#6 /home/u407317669/public_html/yii/framework/web/CController.php(291): CFilterChain->run()
#7 /home/u407317669/public_html/yii/framework/web/CController.php(265): CController->runActionWithFilters(Object(CInlineAction), Array)
#8 /home/u407317669/public_html/yii/framework/web/CWebApplication.php(282): CController->run('viewUser')
#9 /home/u407317669/public_html/yii/framework/web/CWebApplication.php(141): CWebApplication->runController('json/viewUser')
#10 /home/u407317669/public_html/yii/framework/base/CApplication.php(180): CWebApplication->processRequest()
#11 /home/u407317669/public_html/demo/index.php(13): CApplication->run()
#12 {main}
REQUEST_URI=/demo/index.php?r=json/viewUser
---
2013/11/28 16:52:07 [error] [exception.CDbException] exception 'CDbException' with message 'CDbConnection failed to open the DB connection: SQLSTATE[28000] [1045] Access denied for user 'u407317669_root'@'10.2.1.28' (using password: YES)' in /home/u407317669/public_html/yii/framework/db/CDbConnection.php:382
Stack trace:
#0 /home/u407317669/public_html/yii/framework/db/CDbConnection.php(330): CDbConnection->open()
#1 /home/u407317669/public_html/yii/framework/db/CDbConnection.php(308): CDbConnection->setActive(true)
#2 /home/u407317669/public_html/yii/framework/base/CModule.php(387): CDbConnection->init()
#3 /home/u407317669/public_html/yii/framework/base/CApplication.php(450): CModule->getComponent('db')
#4 /home/u407317669/public_html/yii/framework/db/ar/CActiveRecord.php(634): CApplication->getDb()
#5 /home/u407317669/public_html/yii/framework/db/ar/CActiveRecord.php(667): CActiveRecord->getDbConnection()
#6 /home/u407317669/public_html/yii/framework/db/ar/CActiveRecord.php(1469): CActiveRecord->getCommandBuilder()
#7 /home/u407317669/public_html/demo/protected/controllers/JsonController.php(74): CActiveRecord->findAll()
#8 /home/u407317669/public_html/yii/framework/web/actions/CInlineAction.php(49): JsonController->actionAllUser()
#9 /home/u407317669/public_html/yii/framework/web/CController.php(308): CInlineAction->runWithParams(Array)
#10 /home/u407317669/public_html/yii/framework/web/filters/CFilterChain.php(133): CController->runAction(Object(CInlineAction))
#11 /home/u407317669/public_html/yii/framework/web/filters/CFilter.php(40): CFilterChain->run()
#12 /home/u407317669/public_html/yii/framework/web/CController.php(1145): CFilter->filter(Object(CFilterChain))
#13 /home/u407317669/public_html/yii/framework/web/filters/CInlineFilter.php(58): CController->filterAccessControl(Object(CFilterChain))
#14 /home/u407317669/public_html/yii/framework/web/filters/CFilterChain.php(130): CInlineFilter->filter(Object(CFilterChain))
#15 /home/u407317669/public_html/yii/framework/web/CController.php(291): CFilterChain->run()
#16 /home/u407317669/public_html/yii/framework/web/CController.php(265): CController->runActionWithFilters(Object(CInlineAction), Array)
#17 /home/u407317669/public_html/yii/framework/web/CWebApplication.php(282): CController->run('AllUser')
#18 /home/u407317669/public_html/yii/framework/web/CWebApplication.php(141): CWebApplication->runController('json/AllUser')
#19 /home/u407317669/public_html/yii/framework/base/CApplication.php(180): CWebApplication->processRequest()
#20 /home/u407317669/public_html/demo/index.php(13): CApplication->run()
#21 {main}
REQUEST_URI=/demo/index.php?r=json/AllUser
---
2013/11/28 16:53:36 [error] [exception.CDbException] exception 'CDbException' with message 'CDbConnection failed to open the DB connection: SQLSTATE[28000] [1045] Access denied for user 'u407317669_root'@'10.2.1.28' (using password: YES)' in /home/u407317669/public_html/yii/framework/db/CDbConnection.php:382
Stack trace:
#0 /home/u407317669/public_html/yii/framework/db/CDbConnection.php(330): CDbConnection->open()
#1 /home/u407317669/public_html/yii/framework/db/CDbConnection.php(308): CDbConnection->setActive(true)
#2 /home/u407317669/public_html/yii/framework/base/CModule.php(387): CDbConnection->init()
#3 /home/u407317669/public_html/yii/framework/base/CApplication.php(450): CModule->getComponent('db')
#4 /home/u407317669/public_html/yii/framework/db/ar/CActiveRecord.php(634): CApplication->getDb()
#5 /home/u407317669/public_html/yii/framework/db/ar/CActiveRecord.php(667): CActiveRecord->getDbConnection()
#6 /home/u407317669/public_html/yii/framework/db/ar/CActiveRecord.php(1469): CActiveRecord->getCommandBuilder()
#7 /home/u407317669/public_html/demo/protected/controllers/JsonController.php(74): CActiveRecord->findAll()
#8 /home/u407317669/public_html/yii/framework/web/actions/CInlineAction.php(49): JsonController->actionAllUser()
#9 /home/u407317669/public_html/yii/framework/web/CController.php(308): CInlineAction->runWithParams(Array)
#10 /home/u407317669/public_html/yii/framework/web/filters/CFilterChain.php(133): CController->runAction(Object(CInlineAction))
#11 /home/u407317669/public_html/yii/framework/web/filters/CFilter.php(40): CFilterChain->run()
#12 /home/u407317669/public_html/yii/framework/web/CController.php(1145): CFilter->filter(Object(CFilterChain))
#13 /home/u407317669/public_html/yii/framework/web/filters/CInlineFilter.php(58): CController->filterAccessControl(Object(CFilterChain))
#14 /home/u407317669/public_html/yii/framework/web/filters/CFilterChain.php(130): CInlineFilter->filter(Object(CFilterChain))
#15 /home/u407317669/public_html/yii/framework/web/CController.php(291): CFilterChain->run()
#16 /home/u407317669/public_html/yii/framework/web/CController.php(265): CController->runActionWithFilters(Object(CInlineAction), Array)
#17 /home/u407317669/public_html/yii/framework/web/CWebApplication.php(282): CController->run('AllUser')
#18 /home/u407317669/public_html/yii/framework/web/CWebApplication.php(141): CWebApplication->runController('json/AllUser')
#19 /home/u407317669/public_html/yii/framework/base/CApplication.php(180): CWebApplication->processRequest()
#20 /home/u407317669/public_html/demo/index.php(13): CApplication->run()
#21 {main}
REQUEST_URI=/demo/index.php?r=json/AllUser
---
2013/11/28 16:58:49 [error] [exception.CDbException] exception 'CDbException' with message 'CDbConnection failed to open the DB connection: SQLSTATE[28000] [1045] Access denied for user 'u407317669_root'@'10.2.1.28' (using password: YES)' in /home/u407317669/public_html/yii/framework/db/CDbConnection.php:382
Stack trace:
#0 /home/u407317669/public_html/yii/framework/db/CDbConnection.php(330): CDbConnection->open()
#1 /home/u407317669/public_html/yii/framework/db/CDbConnection.php(308): CDbConnection->setActive(true)
#2 /home/u407317669/public_html/yii/framework/base/CModule.php(387): CDbConnection->init()
#3 /home/u407317669/public_html/yii/framework/base/CApplication.php(450): CModule->getComponent('db')
#4 /home/u407317669/public_html/yii/framework/db/ar/CActiveRecord.php(634): CApplication->getDb()
#5 /home/u407317669/public_html/yii/framework/db/ar/CActiveRecord.php(667): CActiveRecord->getDbConnection()
#6 /home/u407317669/public_html/yii/framework/db/ar/CActiveRecord.php(1469): CActiveRecord->getCommandBuilder()
#7 /home/u407317669/public_html/demo/protected/controllers/JsonController.php(74): CActiveRecord->findAll()
#8 /home/u407317669/public_html/yii/framework/web/actions/CInlineAction.php(49): JsonController->actionAllUser()
#9 /home/u407317669/public_html/yii/framework/web/CController.php(308): CInlineAction->runWithParams(Array)
#10 /home/u407317669/public_html/yii/framework/web/filters/CFilterChain.php(133): CController->runAction(Object(CInlineAction))
#11 /home/u407317669/public_html/yii/framework/web/filters/CFilter.php(40): CFilterChain->run()
#12 /home/u407317669/public_html/yii/framework/web/CController.php(1145): CFilter->filter(Object(CFilterChain))
#13 /home/u407317669/public_html/yii/framework/web/filters/CInlineFilter.php(58): CController->filterAccessControl(Object(CFilterChain))
#14 /home/u407317669/public_html/yii/framework/web/filters/CFilterChain.php(130): CInlineFilter->filter(Object(CFilterChain))
#15 /home/u407317669/public_html/yii/framework/web/CController.php(291): CFilterChain->run()
#16 /home/u407317669/public_html/yii/framework/web/CController.php(265): CController->runActionWithFilters(Object(CInlineAction), Array)
#17 /home/u407317669/public_html/yii/framework/web/CWebApplication.php(282): CController->run('AllUser')
#18 /home/u407317669/public_html/yii/framework/web/CWebApplication.php(141): CWebApplication->runController('json/AllUser')
#19 /home/u407317669/public_html/yii/framework/base/CApplication.php(180): CWebApplication->processRequest()
#20 /home/u407317669/public_html/demo/index.php(13): CApplication->run()
#21 {main}
REQUEST_URI=/demo/index.php?r=json/AllUser
---
2013/11/28 16:59:13 [error] [exception.CDbException] exception 'CDbException' with message 'CDbConnection failed to open the DB connection: SQLSTATE[28000] [1045] Access denied for user 'u407317669_root'@'10.2.1.28' (using password: YES)' in /home/u407317669/public_html/yii/framework/db/CDbConnection.php:382
Stack trace:
#0 /home/u407317669/public_html/yii/framework/db/CDbConnection.php(330): CDbConnection->open()
#1 /home/u407317669/public_html/yii/framework/db/CDbConnection.php(308): CDbConnection->setActive(true)
#2 /home/u407317669/public_html/yii/framework/base/CModule.php(387): CDbConnection->init()
#3 /home/u407317669/public_html/yii/framework/base/CApplication.php(450): CModule->getComponent('db')
#4 /home/u407317669/public_html/yii/framework/db/ar/CActiveRecord.php(634): CApplication->getDb()
#5 /home/u407317669/public_html/yii/framework/db/ar/CActiveRecord.php(1428): CActiveRecord->getDbConnection()
#6 /home/u407317669/public_html/yii/framework/db/ar/CActiveRecord.php(1484): CActiveRecord->getTableAlias(true)
#7 /home/u407317669/public_html/demo/protected/components/EWebUser.php(17): CActiveRecord->findByPk(NULL)
#8 /home/u407317669/public_html/demo/protected/components/EWebUser.php(7): EWebUser->loadUser()
#9 /home/u407317669/public_html/demo/protected/controllers/SiteController.php(81): EWebUser->isAdmin()
#10 /home/u407317669/public_html/yii/framework/web/actions/CInlineAction.php(49): SiteController->actionLogin()
#11 /home/u407317669/public_html/yii/framework/web/CController.php(308): CInlineAction->runWithParams(Array)
#12 /home/u407317669/public_html/yii/framework/web/filters/CFilterChain.php(133): CController->runAction(Object(CInlineAction))
#13 /home/u407317669/public_html/yii/framework/web/filters/CFilter.php(40): CFilterChain->run()
#14 /home/u407317669/public_html/yii/framework/web/CController.php(1145): CFilter->filter(Object(CFilterChain))
#15 /home/u407317669/public_html/yii/framework/web/filters/CInlineFilter.php(58): CController->filterAccessControl(Object(CFilterChain))
#16 /home/u407317669/public_html/yii/framework/web/filters/CFilterChain.php(130): CInlineFilter->filter(Object(CFilterChain))
#17 /home/u407317669/public_html/yii/framework/web/CController.php(291): CFilterChain->run()
#18 /home/u407317669/public_html/yii/framework/web/CController.php(265): CController->runActionWithFilters(Object(CInlineAction), Array)
#19 /home/u407317669/public_html/yii/framework/web/CWebApplication.php(282): CController->run('')
#20 /home/u407317669/public_html/yii/framework/web/CWebApplication.php(141): CWebApplication->runController('')
#21 /home/u407317669/public_html/yii/framework/base/CApplication.php(180): CWebApplication->processRequest()
#22 /home/u407317669/public_html/demo/index.php(13): CApplication->run()
#23 {main}
REQUEST_URI=/demo/index.php
---
2013/11/28 16:59:16 [error] [exception.CDbException] exception 'CDbException' with message 'CDbConnection failed to open the DB connection: SQLSTATE[28000] [1045] Access denied for user 'u407317669_root'@'10.2.1.28' (using password: YES)' in /home/u407317669/public_html/yii/framework/db/CDbConnection.php:382
Stack trace:
#0 /home/u407317669/public_html/yii/framework/db/CDbConnection.php(330): CDbConnection->open()
#1 /home/u407317669/public_html/yii/framework/db/CDbConnection.php(308): CDbConnection->setActive(true)
#2 /home/u407317669/public_html/yii/framework/base/CModule.php(387): CDbConnection->init()
#3 /home/u407317669/public_html/yii/framework/base/CApplication.php(450): CModule->getComponent('db')
#4 /home/u407317669/public_html/yii/framework/db/ar/CActiveRecord.php(634): CApplication->getDb()
#5 /home/u407317669/public_html/yii/framework/db/ar/CActiveRecord.php(1428): CActiveRecord->getDbConnection()
#6 /home/u407317669/public_html/yii/framework/db/ar/CActiveRecord.php(1484): CActiveRecord->getTableAlias(true)
#7 /home/u407317669/public_html/demo/protected/components/EWebUser.php(17): CActiveRecord->findByPk(NULL)
#8 /home/u407317669/public_html/demo/protected/components/EWebUser.php(7): EWebUser->loadUser()
#9 /home/u407317669/public_html/demo/protected/controllers/SiteController.php(81): EWebUser->isAdmin()
#10 /home/u407317669/public_html/yii/framework/web/actions/CInlineAction.php(49): SiteController->actionLogin()
#11 /home/u407317669/public_html/yii/framework/web/CController.php(308): CInlineAction->runWithParams(Array)
#12 /home/u407317669/public_html/yii/framework/web/filters/CFilterChain.php(133): CController->runAction(Object(CInlineAction))
#13 /home/u407317669/public_html/yii/framework/web/filters/CFilter.php(40): CFilterChain->run()
#14 /home/u407317669/public_html/yii/framework/web/CController.php(1145): CFilter->filter(Object(CFilterChain))
#15 /home/u407317669/public_html/yii/framework/web/filters/CInlineFilter.php(58): CController->filterAccessControl(Object(CFilterChain))
#16 /home/u407317669/public_html/yii/framework/web/filters/CFilterChain.php(130): CInlineFilter->filter(Object(CFilterChain))
#17 /home/u407317669/public_html/yii/framework/web/CController.php(291): CFilterChain->run()
#18 /home/u407317669/public_html/yii/framework/web/CController.php(265): CController->runActionWithFilters(Object(CInlineAction), Array)
#19 /home/u407317669/public_html/yii/framework/web/CWebApplication.php(282): CController->run('')
#20 /home/u407317669/public_html/yii/framework/web/CWebApplication.php(141): CWebApplication->runController('')
#21 /home/u407317669/public_html/yii/framework/base/CApplication.php(180): CWebApplication->processRequest()
#22 /home/u407317669/public_html/demo/index.php(13): CApplication->run()
#23 {main}
REQUEST_URI=/demo/
---
2013/11/28 16:59:21 [error] [exception.CDbException] exception 'CDbException' with message 'CDbConnection failed to open the DB connection: SQLSTATE[28000] [1045] Access denied for user 'u407317669_root'@'10.2.1.28' (using password: YES)' in /home/u407317669/public_html/yii/framework/db/CDbConnection.php:382
Stack trace:
#0 /home/u407317669/public_html/yii/framework/db/CDbConnection.php(330): CDbConnection->open()
#1 /home/u407317669/public_html/yii/framework/db/CDbConnection.php(308): CDbConnection->setActive(true)
#2 /home/u407317669/public_html/yii/framework/base/CModule.php(387): CDbConnection->init()
#3 /home/u407317669/public_html/yii/framework/base/CApplication.php(450): CModule->getComponent('db')
#4 /home/u407317669/public_html/yii/framework/db/ar/CActiveRecord.php(634): CApplication->getDb()
#5 /home/u407317669/public_html/yii/framework/db/ar/CActiveRecord.php(1428): CActiveRecord->getDbConnection()
#6 /home/u407317669/public_html/yii/framework/db/ar/CActiveRecord.php(1484): CActiveRecord->getTableAlias(true)
#7 /home/u407317669/public_html/demo/protected/components/EWebUser.php(17): CActiveRecord->findByPk(NULL)
#8 /home/u407317669/public_html/demo/protected/components/EWebUser.php(7): EWebUser->loadUser()
#9 /home/u407317669/public_html/demo/protected/controllers/SiteController.php(81): EWebUser->isAdmin()
#10 /home/u407317669/public_html/yii/framework/web/actions/CInlineAction.php(49): SiteController->actionLogin()
#11 /home/u407317669/public_html/yii/framework/web/CController.php(308): CInlineAction->runWithParams(Array)
#12 /home/u407317669/public_html/yii/framework/web/filters/CFilterChain.php(133): CController->runAction(Object(CInlineAction))
#13 /home/u407317669/public_html/yii/framework/web/filters/CFilter.php(40): CFilterChain->run()
#14 /home/u407317669/public_html/yii/framework/web/CController.php(1145): CFilter->filter(Object(CFilterChain))
#15 /home/u407317669/public_html/yii/framework/web/filters/CInlineFilter.php(58): CController->filterAccessControl(Object(CFilterChain))
#16 /home/u407317669/public_html/yii/framework/web/filters/CFilterChain.php(130): CInlineFilter->filter(Object(CFilterChain))
#17 /home/u407317669/public_html/yii/framework/web/CController.php(291): CFilterChain->run()
#18 /home/u407317669/public_html/yii/framework/web/CController.php(265): CController->runActionWithFilters(Object(CInlineAction), Array)
#19 /home/u407317669/public_html/yii/framework/web/CWebApplication.php(282): CController->run('')
#20 /home/u407317669/public_html/yii/framework/web/CWebApplication.php(141): CWebApplication->runController('')
#21 /home/u407317669/public_html/yii/framework/base/CApplication.php(180): CWebApplication->processRequest()
#22 /home/u407317669/public_html/demo/index.php(13): CApplication->run()
#23 {main}
REQUEST_URI=/demo/
---
2013/12/04 17:10:54 [error] [exception.CHttpException.404] exception 'CHttpException' with message 'The system is unable to find the requested action "user=1".' in /home/u407317669/public_html/yii/framework/web/CController.php:483
Stack trace:
#0 /home/u407317669/public_html/yii/framework/web/CController.php(270): CController->missingAction('user=1')
#1 /home/u407317669/public_html/yii/framework/web/CWebApplication.php(282): CController->run('user=1')
#2 /home/u407317669/public_html/yii/framework/web/CWebApplication.php(141): CWebApplication->runController('json/user=1')
#3 /home/u407317669/public_html/yii/framework/base/CApplication.php(180): CWebApplication->processRequest()
#4 /home/u407317669/public_html/demo/index.php(13): CApplication->run()
#5 {main}
REQUEST_URI=/demo/index.php?r=json/user=1
---
2013/12/04 17:11:06 [error] [exception.CHttpException.404] exception 'CHttpException' with message 'The system is unable to find the requested action "Username=1".' in /home/u407317669/public_html/yii/framework/web/CController.php:483
Stack trace:
#0 /home/u407317669/public_html/yii/framework/web/CController.php(270): CController->missingAction('Username=1')
#1 /home/u407317669/public_html/yii/framework/web/CWebApplication.php(282): CController->run('Username=1')
#2 /home/u407317669/public_html/yii/framework/web/CWebApplication.php(141): CWebApplication->runController('json/Username=1')
#3 /home/u407317669/public_html/yii/framework/base/CApplication.php(180): CWebApplication->processRequest()
#4 /home/u407317669/public_html/demo/index.php(13): CApplication->run()
#5 {main}
REQUEST_URI=/demo/index.php?r=json/Username=1
---
2013/12/04 17:11:25 [error] [exception.CHttpException.404] exception 'CHttpException' with message 'The system is unable to find the requested action "user=2".' in /home/u407317669/public_html/yii/framework/web/CController.php:483
Stack trace:
#0 /home/u407317669/public_html/yii/framework/web/CController.php(270): CController->missingAction('user=2')
#1 /home/u407317669/public_html/yii/framework/web/CWebApplication.php(282): CController->run('user=2')
#2 /home/u407317669/public_html/yii/framework/web/CWebApplication.php(141): CWebApplication->runController('json/user=2')
#3 /home/u407317669/public_html/yii/framework/base/CApplication.php(180): CWebApplication->processRequest()
#4 /home/u407317669/public_html/demo/index.php(13): CApplication->run()
#5 {main}
REQUEST_URI=/demo/index.php?r=json/user=2&password=
---
2013/12/04 17:25:23 [error] [exception.CHttpException.404] exception 'CHttpException' with message 'The system is unable to find the requested action "ViewTemple=1".' in /home/u407317669/public_html/yii/framework/web/CController.php:483
Stack trace:
#0 /home/u407317669/public_html/yii/framework/web/CController.php(270): CController->missingAction('ViewTemple=1')
#1 /home/u407317669/public_html/yii/framework/web/CWebApplication.php(282): CController->run('ViewTemple=1')
#2 /home/u407317669/public_html/yii/framework/web/CWebApplication.php(141): CWebApplication->runController('json/ViewTemple...')
#3 /home/u407317669/public_html/yii/framework/base/CApplication.php(180): CWebApplication->processRequest()
#4 /home/u407317669/public_html/demo/index.php(13): CApplication->run()
#5 {main}
REQUEST_URI=/demo/index.php?r=json/ViewTemple=1
---
2013/12/04 17:25:34 [error] [exception.CHttpException.404] exception 'CHttpException' with message 'The system is unable to find the requested action "ViewTemple=1".' in /home/u407317669/public_html/yii/framework/web/CController.php:483
Stack trace:
#0 /home/u407317669/public_html/yii/framework/web/CController.php(270): CController->missingAction('ViewTemple=1')
#1 /home/u407317669/public_html/yii/framework/web/CWebApplication.php(282): CController->run('ViewTemple=1')
#2 /home/u407317669/public_html/yii/framework/web/CWebApplication.php(141): CWebApplication->runController('json/ViewTemple...')
#3 /home/u407317669/public_html/yii/framework/base/CApplication.php(180): CWebApplication->processRequest()
#4 /home/u407317669/public_html/demo/index.php(13): CApplication->run()
#5 {main}
REQUEST_URI=/demo/index.php?r=json/ViewTemple=1
---
